<?xml version="1.0" encoding="UTF-8"?>
<testsuite name="com.discord.bot.gamelogs.parser.ConnectionLineParserTest" tests="13" skipped="0" failures="0" errors="0" timestamp="2026-05-05T02:27:44.798Z" hostname="MINMAC09-N.local" time="0.018">
  <properties/>
  <testcase name="canFormat_connectionEvent_returnsTrue()" classname="com.discord.bot.gamelogs.parser.ConnectionLineParserTest" time="0.006"/>
  <testcase name="parseLine_validConnectionLine_extractsAllFields()" classname="com.discord.bot.gamelogs.parser.ConnectionLineParserTest" time="0.001"/>
  <testcase name="formatEvent_roundTrip_producesEquivalentEvent()" classname="com.discord.bot.gamelogs.parser.ConnectionLineParserTest" time="0.0"/>
  <testcase name="parseLine_preservesLineIndex()" classname="com.discord.bot.gamelogs.parser.ConnectionLineParserTest" time="0.0"/>
  <testcase name="canFormat_nonConnectionEvent_returnsFalse()" classname="com.discord.bot.gamelogs.parser.ConnectionLineParserTest" time="0.001"/>
  <testcase name="canFormat_nullEvent_returnsFalse()" classname="com.discord.bot.gamelogs.parser.ConnectionLineParserTest" time="0.0"/>
  <testcase name="parseLine_nonConnectionLine_returnsEmpty()" classname="com.discord.bot.gamelogs.parser.ConnectionLineParserTest" time="0.001"/>
  <testcase name="parseLine_playerNameWithSpaces()" classname="com.discord.bot.gamelogs.parser.ConnectionLineParserTest" time="0.001"/>
  <testcase name="parseLine_emptyLine_returnsEmpty()" classname="com.discord.bot.gamelogs.parser.ConnectionLineParserTest" time="0.0"/>
  <testcase name="parseLine_killLine_returnsEmpty()" classname="com.discord.bot.gamelogs.parser.ConnectionLineParserTest" time="0.0"/>
  <testcase name="parseLine_nullLine_returnsEmpty()" classname="com.discord.bot.gamelogs.parser.ConnectionLineParserTest" time="0.0"/>
  <testcase name="parseLine_blankLine_returnsEmpty()" classname="com.discord.bot.gamelogs.parser.ConnectionLineParserTest" time="0.0"/>
  <testcase name="formatEvent_reconstructsOriginalLine()" classname="com.discord.bot.gamelogs.parser.ConnectionLineParserTest" time="0.0"/>
  <system-out><![CDATA[]]></system-out>
  <system-err><![CDATA[]]></system-err>
</testsuite>
